have_library: checking for main() in -lCGAL... -------------------- yes

"x86_64-pc-linux-gnu-gcc -o conftest -I/usr/include/ruby-2.2.0/x86_64-linux -I/usr/include/ruby-2.2.0/ruby/backward -I/usr/include/ruby-2.2.0 -I.    -march=native -msse3 -O2 -floop-interchange -floop-strip-mine -floop-block -pipe -fno-strict-aliasing -fPIC conftest.c  -L. -L/usr/lib64 -L. -Wl,-O1 -Wl,--as-needed -fstack-protector -rdynamic -Wl,-export-dynamic -Wl,--no-undefined     -lruby22  -lpthread -lgmp -ldl -lcrypt -lm   -lc"
checked program was:
/* begin */
1: #include "ruby.h"
2: 
3: int main(int argc, char **argv)
4: {
5:   return 0;
6: }
/* end */

"x86_64-pc-linux-gnu-gcc -o conftest -I/usr/include/ruby-2.2.0/x86_64-linux -I/usr/include/ruby-2.2.0/ruby/backward -I/usr/include/ruby-2.2.0 -I.    -march=native -msse3 -O2 -floop-interchange -floop-strip-mine -floop-block -pipe -fno-strict-aliasing -fPIC conftest.c  -L. -L/usr/lib64 -L. -Wl,-O1 -Wl,--as-needed -fstack-protector -rdynamic -Wl,-export-dynamic -Wl,--no-undefined     -lruby22 -lCGAL  -lpthread -lgmp -ldl -lcrypt -lm   -lc"
checked program was:
/* begin */
 1: #include "ruby.h"
 2: 
 3: /*top*/
 4: extern int t(void);
 5: int main(int argc, char **argv)
 6: {
 7:   if (argc > 1000000) {
 8:     printf("%p", &t);
 9:   }
10: 
11:   return 0;
12: }
13: int t(void) { void ((*volatile p)()); p = (void ((*)()))main; return 0; }
/* end */

--------------------

have_library: checking for main() in -lCGAL_Core... -------------------- yes

"x86_64-pc-linux-gnu-gcc -o conftest -I/usr/include/ruby-2.2.0/x86_64-linux -I/usr/include/ruby-2.2.0/ruby/backward -I/usr/include/ruby-2.2.0 -I.    -march=native -msse3 -O2 -floop-interchange -floop-strip-mine -floop-block -pipe -fno-strict-aliasing -fPIC conftest.c  -L. -L/usr/lib64 -L. -Wl,-O1 -Wl,--as-needed -fstack-protector -rdynamic -Wl,-export-dynamic -Wl,--no-undefined    -lCGAL  -lruby22 -lCGAL_Core -lCGAL  -lpthread -lgmp -ldl -lcrypt -lm   -lc"
checked program was:
/* begin */
 1: #include "ruby.h"
 2: 
 3: /*top*/
 4: extern int t(void);
 5: int main(int argc, char **argv)
 6: {
 7:   if (argc > 1000000) {
 8:     printf("%p", &t);
 9:   }
10: 
11:   return 0;
12: }
13: int t(void) { void ((*volatile p)()); p = (void ((*)()))main; return 0; }
/* end */

--------------------

have_library: checking for main() in -lgmp... -------------------- yes

"x86_64-pc-linux-gnu-gcc -o conftest -I/usr/include/ruby-2.2.0/x86_64-linux -I/usr/include/ruby-2.2.0/ruby/backward -I/usr/include/ruby-2.2.0 -I.    -march=native -msse3 -O2 -floop-interchange -floop-strip-mine -floop-block -pipe -fno-strict-aliasing -fPIC conftest.c  -L. -L/usr/lib64 -L. -Wl,-O1 -Wl,--as-needed -fstack-protector -rdynamic -Wl,-export-dynamic -Wl,--no-undefined    -lCGAL_Core -lCGAL  -lruby22 -lgmp -lCGAL_Core -lCGAL  -lpthread -lgmp -ldl -lcrypt -lm   -lc"
checked program was:
/* begin */
 1: #include "ruby.h"
 2: 
 3: /*top*/
 4: extern int t(void);
 5: int main(int argc, char **argv)
 6: {
 7:   if (argc > 1000000) {
 8:     printf("%p", &t);
 9:   }
10: 
11:   return 0;
12: }
13: int t(void) { void ((*volatile p)()); p = (void ((*)()))main; return 0; }
/* end */

--------------------

